proguard/seeds.txt
android.support.v4.widget.SearchViewCompat$SearchViewCompatImpl
android.support.v4.widget.SearchViewCompatHoneycomb$OnCloseListenerCompatBridge
android.support.v4.widget.SearchViewCompatHoneycomb$OnQueryTextListenerCompatBridge
android.support.v4.widget.SearchViewCompatIcs$MySearchView
android.support.v4.widget.SearchViewCompatIcs$MySearchView: SearchViewCompatIcs$MySearchView(android.content.Context)
android.support.v4.widget.SearchViewCompatIcs$MySearchView: void onActionViewCollapsed()
android.support.v4.widget.SimpleCursorAdapter
android.support.v4.widget.SimpleCursorAdapter: int[] mFrom
android.support.v4.widget.SimpleCursorAdapter: int[] mTo
android.support.v4.widget.SimpleCursorAdapter: int mStringConversionColumn
android.support.v4.widget.SimpleCursorAdapter: android.support.v4.widget.SimpleCursorAdapter$CursorToStringConverter mCursorToStringConverter
android.support.v4.widget.SimpleCursorAdapter: android.support.v4.widget.SimpleCursorAdapter$ViewBinder mViewBinder
android.support.v4.widget.SimpleCursorAdapter: java.lang.String[] mOriginalFrom
android.support.v4.widget.SimpleCursorAdapter: SimpleCursorAdapter(android.content.Context,int,android.database.Cursor,java.lang.String[],int[])
android.support.v4.widget.SimpleCursorAdapter: SimpleCursorAdapter(android.content.Context,int,android.database.Cursor,java.lang.String[],int[],int)
android.support.v4.widget.SimpleCursorAdapter: void bindView(android.view.View,android.content.Context,android.database.Cursor)
android.support.v4.widget.SimpleCursorAdapter: android.support.v4.widget.SimpleCursorAdapter$ViewBinder getViewBinder()
android.support.v4.widget.SimpleCursorAdapter: void setViewBinder(android.support.v4.widget.SimpleCursorAdapter$ViewBinder)
android.support.v4.widget.SimpleCursorAdapter: void setViewImage(android.widget.ImageView,java.lang.String)
android.support.v4.widget.SimpleCursorAdapter: void setViewText(android.widget.TextView,java.lang.String)
android.support.v4.widget.SimpleCursorAdapter$CursorToStringConverter
android.support.v4.widget.SimpleCursorAdapter$CursorToStringConverter: java.lang.CharSequence convertToString(android.database.Cursor)
android.support.v4.widget.SimpleCursorAdapter$ViewBinder
android.support.v4.widget.SimpleCursorAdapter$ViewBinder: boolean setViewValue(android.view.View,android.database.Cursor,int)
android.support.v4.widget.SlidingPaneLayout
android.support.v4.widget.SlidingPaneLayout: java.lang.String TAG
android.support.v4.widget.SlidingPaneLayout: int DEFAULT_OVERHANG_SIZE
android.support.v4.widget.SlidingPaneLayout: int DEFAULT_FADE_COLOR
android.support.v4.widget.SlidingPaneLayout: int mSliderFadeColor
android.support.v4.widget.SlidingPaneLayout: int MIN_FLING_VELOCITY
android.support.v4.widget.SlidingPaneLayout: int mCoveredFadeColor
android.support.v4.widget.SlidingPaneLayout: android.graphics.drawable.Drawable mShadowDrawable
android.support.v4.widget.SlidingPaneLayout: int mOverhangSize
android.support.v4.widget.SlidingPaneLayout: boolean mCanSlide
android.support.v4.widget.SlidingPaneLayout: android.view.View mSlideableView
android.support.v4.widget.SlidingPaneLayout: float mSlideOffset
android.support.v4.widget.SlidingPaneLayout: float mParallaxOffset
android.support.v4.widget.SlidingPaneLayout: int mSlideRange
android.support.v4.widget.SlidingPaneLayout: boolean mIsUnableToDrag
android.support.v4.widget.SlidingPaneLayout: int mParallaxBy
android.support.v4.widget.SlidingPaneLayout: float mInitialMotionX
android.support.v4.widget.SlidingPaneLayout: float mInitialMotionY
android.support.v4.widget.SlidingPaneLayout: android.support.v4.widget.SlidingPaneLayout$PanelSlideListener mPanelSlideListener
android.support.v4.widget.SlidingPaneLayout: android.support.v4.widget.ViewDragHelper mDragHelper