proguard/mapping.txt
com.google.common.collect.LinkedListMultimap$AsMapEntries$1$1 -> com.google.common.collect.LinkedListMultimap$a$1$1:
    java.lang.Object val$key -> a
    com.google.common.collect.LinkedListMultimap$AsMapEntries$1 this$2 -> b
    886:886:java.lang.Object getKey() -> getKey
    890:890:java.util.Collection getValue() -> a
    884:884:java.lang.Object getValue() -> getValue
com.google.common.collect.LinkedListMultimap$DistinctKeyIterator -> com.google.common.collect.LinkedListMultimap$b:
    java.util.Set seenKeys -> a
    com.google.common.collect.LinkedListMultimap$Node next -> b
    com.google.common.collect.LinkedListMultimap$Node current -> c
    com.google.common.collect.LinkedListMultimap this$0 -> d
    307:307:boolean hasNext() -> hasNext
    311:317:java.lang.Object next() -> next
    321:324:void remove() -> remove
com.google.common.collect.LinkedListMultimap$MultisetView -> com.google.common.collect.LinkedListMultimap$c:
    com.google.common.collect.LinkedListMultimap this$0 -> a
    650:650:int size() -> size
    654:655:java.util.Iterator iterator() -> iterator
    673:673:int count(java.lang.Object) -> count
    678:678:int add(java.lang.Object,int) -> add
    683:690:int remove(java.lang.Object,int) -> remove
    695:695:int setCount(java.lang.Object,int) -> setCount
    700:700:boolean setCount(java.lang.Object,int,int) -> setCount
    704:704:boolean removeAll(java.util.Collection) -> removeAll
    708:708:boolean retainAll(java.util.Collection) -> retainAll
    713:713:java.util.Set elementSet() -> elementSet
    719:719:java.util.Set entrySet() -> entrySet
    755:755:boolean equals(java.lang.Object) -> equals
    759:759:int hashCode() -> hashCode
    763:763:java.lang.String toString() -> toString
com.google.common.collect.LinkedListMultimap$MultisetView$1 -> com.google.common.collect.LinkedListMultimap$c$1:
    java.util.Iterator val$nodes -> a
    com.google.common.collect.LinkedListMultimap$MultisetView this$1 -> b
    658:658:boolean hasNext() -> hasNext
    662:662:java.lang.Object next() -> next
    666:667:void remove() -> remove
com.google.common.collect.LinkedListMultimap$MultisetView$2 -> com.google.common.collect.LinkedListMultimap$c$2:
    com.google.common.collect.LinkedListMultimap$MultisetView this$1 -> a
    721:721:int size() -> size
    725:726:java.util.Iterator iterator() -> iterator
com.google.common.collect.LinkedListMultimap$MultisetView$2$1 -> com.google.common.collect.LinkedListMultimap$c$2$1:
    java.util.Iterator val$keyIterator -> a
    com.google.common.collect.LinkedListMultimap$MultisetView$2 this$2 -> b
    729:729:boolean hasNext() -> hasNext
    733:734:com.google.common.collect.Multiset$Entry next() -> a
    747:748:void remove() -> remove
    726:726:java.lang.Object next() -> next
com.google.common.collect.LinkedListMultimap$MultisetView$2$1$1 -> com.google.common.collect.LinkedListMultimap$c$2$1$1:
    java.lang.Object val$key -> a
    com.google.common.collect.LinkedListMultimap$MultisetView$2$1 this$3 -> b
    737:737:java.lang.Object getElement() -> getElement
    741:741:int getCount() -> getCount
com.google.common.collect.LinkedListMultimap$Node -> com.google.common.collect.LinkedListMultimap$d:
    java.lang.Object key -> a
    java.lang.Object value -> b
    com.google.common.collect.LinkedListMultimap$Node next -> c
    com.google.common.collect.LinkedListMultimap$Node previous -> d
    com.google.common.collect.LinkedListMultimap$Node nextSibling -> e
    com.google.common.collect.LinkedListMultimap$Node previousSibling -> f
    122:122:java.lang.String toString() -> toString