proguard/usage.txt
com.google.common.primitives.Booleans$BooleanArrayAsList:
    private static final long serialVersionUID
com.google.common.primitives.Bytes$ByteArrayAsList:
    private static final long serialVersionUID
com.google.common.primitives.Chars$CharArrayAsList:
    private static final long serialVersionUID
com.google.common.primitives.Doubles$DoubleArrayAsList:
    private static final long serialVersionUID
com.google.common.primitives.Floats$FloatArrayAsList:
    private static final long serialVersionUID
com.google.common.primitives.Ints$IntArrayAsList:
    private static final long serialVersionUID
com.google.common.primitives.Longs$LongArrayAsList:
    private static final long serialVersionUID
com.google.common.primitives.Shorts$ShortArrayAsList:
    private static final long serialVersionUID
com.google.common.primitives.UnsignedBytes$LexicographicalComparatorHolder$UnsafeComparator
com.google.common.primitives.UnsignedBytes$LexicographicalComparatorHolder$UnsafeComparator$1
com.google.common.util.concurrent.AbstractFuture$Sync:
    private static final long serialVersionUID
    static final int RUNNING
    static final int COMPLETING
    static final int COMPLETED
    static final int CANCELLED
com.nostra13.universalimageloader.core.DisplayBitmapTask:
    private static final java.lang.String LOG_DISPLAY_IMAGE_IN_IMAGEAWARE
    private static final java.lang.String LOG_TASK_CANCELLED_IMAGEAWARE_REUSED
    private static final java.lang.String LOG_TASK_CANCELLED_IMAGEAWARE_COLLECTED
com.nostra13.universalimageloader.core.LoadAndDisplayImageTask:
    private static final java.lang.String LOG_WAITING_FOR_RESUME
    private static final java.lang.String LOG_RESUME_AFTER_PAUSE
    private static final java.lang.String LOG_DELAY_BEFORE_LOADING
    private static final java.lang.String LOG_START_DISPLAY_IMAGE_TASK
    private static final java.lang.String LOG_WAITING_FOR_IMAGE_LOADED
    private static final java.lang.String LOG_GET_IMAGE_FROM_MEMORY_CACHE_AFTER_WAITING
    private static final java.lang.String LOG_LOAD_IMAGE_FROM_NETWORK
    private static final java.lang.String LOG_LOAD_IMAGE_FROM_DISC_CACHE
    private static final java.lang.String LOG_RESIZE_CACHED_IMAGE_FILE
    private static final java.lang.String LOG_PREPROCESS_IMAGE
    private static final java.lang.String LOG_POSTPROCESS_IMAGE
    private static final java.lang.String LOG_CACHE_IMAGE_IN_MEMORY
    private static final java.lang.String LOG_CACHE_IMAGE_ON_DISC
    private static final java.lang.String LOG_PROCESS_IMAGE_BEFORE_CACHE_ON_DISC
    private static final java.lang.String LOG_TASK_CANCELLED_IMAGEAWARE_REUSED
    private static final java.lang.String LOG_TASK_CANCELLED_IMAGEAWARE_COLLECTED
    private static final java.lang.String LOG_TASK_INTERRUPTED
    private static final java.lang.String ERROR_PRE_PROCESSOR_NULL
    private static final java.lang.String ERROR_POST_PROCESSOR_NULL
    private static final java.lang.String ERROR_PROCESSOR_FOR_DISC_CACHE_NULL
com.nostra13.universalimageloader.core.ProcessAndDisplayImageTask:
    private static final java.lang.String LOG_POSTPROCESS_IMAGE
com.umeng.common.net.c$a:
    private static final int b
    private static final java.lang.String c
com.umeng.common.net.c$b:
    67:67:private c$b()
com.umeng.common.net.d:
    static final int a
    static final int b
    static final int c
    static final int d
com.umeng.fb.model.Conversation$SyncHandler:
    static final int b
    static final int c
com.zhufuyisheng.read01.BooksFragment:
    private static final java.lang.String TAG
    android.widget.ListView listView
    private android.widget.TextView imgButton
    205:211:public java.lang.String getSDPath()
com.zhufuyisheng.read01.BuildConfig
com.zhufuyisheng.read01.R:
    10:10:public R()
com.zhufuyisheng.read01.Read:
    private static final java.lang.String TAG
    protected int jumpPage